[debug] [2026-01-20T20:23:53.162Z] ----------------------------------------------------------------------
[debug] [2026-01-20T20:23:53.165Z] Command:       C:\Program Files\nodejs\node.exe C:\Users\bbkra\AppData\Roaming\npm\node_modules\firebase-tools\lib\bin\firebase.js deploy
[debug] [2026-01-20T20:23:53.166Z] CLI Version:   15.3.1
[debug] [2026-01-20T20:23:53.166Z] Platform:      win32
[debug] [2026-01-20T20:23:53.166Z] Node Version:  v24.11.0
[debug] [2026-01-20T20:23:53.166Z] Time:          Tue Jan 20 2026 21:23:53 GMT+0100 (за центральноєвропейським стандартним часом)
[debug] [2026-01-20T20:23:53.166Z] ----------------------------------------------------------------------
[debug] 
[debug] [2026-01-20T20:23:55.374Z] > command requires scopes: ["email","openid","https://www.googleapis.com/auth/cloudplatformprojects.readonly","https://www.googleapis.com/auth/firebase","https://www.googleapis.com/auth/cloud-platform"]
[debug] [2026-01-20T20:23:55.374Z] > authorizing via signed-in user (bbkrava@gmail.com)
[debug] [2026-01-20T20:23:55.375Z] [iam] checking project your-books-list for permissions ["firebase.projects.get","firebasehosting.sites.update"]
[debug] [2026-01-20T20:23:55.376Z] Checked if tokens are valid: false, expires at: 1768932195787
[debug] [2026-01-20T20:23:55.377Z] Checked if tokens are valid: false, expires at: 1768932195787
[debug] [2026-01-20T20:23:55.377Z] > refreshing access token with scopes: []
[debug] [2026-01-20T20:23:55.379Z] >>> [apiv2][query] POST https://www.googleapis.com/oauth2/v3/token [none]
[debug] [2026-01-20T20:23:55.379Z] >>> [apiv2][body] POST https://www.googleapis.com/oauth2/v3/token [omitted]
[debug] [2026-01-20T20:23:55.511Z] <<< [apiv2][status] POST https://www.googleapis.com/oauth2/v3/token 200
[debug] [2026-01-20T20:23:55.511Z] <<< [apiv2][body] POST https://www.googleapis.com/oauth2/v3/token [omitted]
[debug] [2026-01-20T20:23:55.519Z] >>> [apiv2][query] POST https://cloudresourcemanager.googleapis.com/v1/projects/your-books-list:testIamPermissions [none]
[debug] [2026-01-20T20:23:55.519Z] >>> [apiv2][(partial)header] POST https://cloudresourcemanager.googleapis.com/v1/projects/your-books-list:testIamPermissions x-goog-quota-user=projects/your-books-list
[debug] [2026-01-20T20:23:55.520Z] >>> [apiv2][body] POST https://cloudresourcemanager.googleapis.com/v1/projects/your-books-list:testIamPermissions {"permissions":["firebase.projects.get","firebasehosting.sites.update"]}
[debug] [2026-01-20T20:23:56.299Z] <<< [apiv2][status] POST https://cloudresourcemanager.googleapis.com/v1/projects/your-books-list:testIamPermissions 200
[debug] [2026-01-20T20:23:56.299Z] <<< [apiv2][body] POST https://cloudresourcemanager.googleapis.com/v1/projects/your-books-list:testIamPermissions {"permissions":["firebase.projects.get","firebasehosting.sites.update"]}
[debug] [2026-01-20T20:23:56.301Z] Checked if tokens are valid: true, expires at: 1768944234511
[debug] [2026-01-20T20:23:56.302Z] Checked if tokens are valid: true, expires at: 1768944234511
[debug] [2026-01-20T20:23:56.303Z] >>> [apiv2][query] GET https://firebase.googleapis.com/v1beta1/projects/your-books-list [none]
[debug] [2026-01-20T20:23:56.602Z] <<< [apiv2][status] GET https://firebase.googleapis.com/v1beta1/projects/your-books-list 200
[debug] [2026-01-20T20:23:56.602Z] <<< [apiv2][body] GET https://firebase.googleapis.com/v1beta1/projects/your-books-list {"projectId":"your-books-list","projectNumber":"72810436029","displayName":"Your books list","name":"projects/your-books-list","resources":{"hostingSite":"your-books-list"},"state":"ACTIVE","etag":"1_234d8757-40b3-49f3-9e63-639e0b37f468"}
[info] 
[info] === Deploying to 'your-books-list'...
[info] 
[info] i  deploying hosting 
[debug] [2026-01-20T20:23:56.614Z] Checked if tokens are valid: true, expires at: 1768944234511
[debug] [2026-01-20T20:23:56.614Z] Checked if tokens are valid: true, expires at: 1768944234511
[debug] [2026-01-20T20:23:56.614Z] >>> [apiv2][query] POST https://firebasehosting.googleapis.com/v1beta1/projects/-/sites/your-books-list/versions [none]
[debug] [2026-01-20T20:23:56.614Z] >>> [apiv2][body] POST https://firebasehosting.googleapis.com/v1beta1/projects/-/sites/your-books-list/versions {"status":"CREATED","labels":{"deployment-tool":"cli-firebase"}}
[debug] [2026-01-20T20:23:57.703Z] <<< [apiv2][status] POST https://firebasehosting.googleapis.com/v1beta1/projects/-/sites/your-books-list/versions 200
[debug] [2026-01-20T20:23:57.704Z] <<< [apiv2][body] POST https://firebasehosting.googleapis.com/v1beta1/projects/-/sites/your-books-list/versions {"name":"projects/72810436029/sites/your-books-list/versions/920315e56ef3ff21","status":"CREATED","config":{},"labels":{"deployment-tool":"cli-firebase"}}
[info] i  hosting[your-books-list]: beginning deploy... 
[info] i  hosting[your-books-list]: found 26 files in dist 
[debug] [2026-01-20T20:24:17.708Z] [hosting] uploading with 200 concurrency
[debug] [2026-01-20T20:24:17.783Z] Checked if tokens are valid: true, expires at: 1768944234511
[debug] [2026-01-20T20:24:17.783Z] Checked if tokens are valid: true, expires at: 1768944234511
[debug] [2026-01-20T20:24:17.785Z] [hosting] hash cache [ZGlzdA] stored for 26 files
[debug] [2026-01-20T20:24:17.786Z] [hosting][hash queue][FINAL] {"max":67,"min":1,"avg":4.3076923076923075,"active":0,"complete":26,"success":26,"errored":0,"retried":0,"total":26,"elapsed":73}
[debug] [2026-01-20T20:24:17.786Z] >>> [apiv2][query] POST https://firebasehosting.googleapis.com/v1beta1/projects/72810436029/sites/your-books-list/versions/920315e56ef3ff21:populateFiles [none]
[debug] [2026-01-20T20:24:17.786Z] >>> [apiv2][body] POST https://firebasehosting.googleapis.com/v1beta1/projects/72810436029/sites/your-books-list/versions/920315e56ef3ff21:populateFiles {"files":{"/vite.svg":"699a02e0e68a579f687d364bbbe7633161244f35af068220aee37b1b33dfb3c7","/bookImg1.jpg":"1cee14430fc4a0bf0ecf30a440654a1ce61a471b815b7ac5ccbbaeaf8208fcaa","/bookImg.jpg":"cb484ed24c9932ace93085130d93712e8ed34f9c175f1075f1eaf582e709dee7","/book.png":"4e5f0c7a2494803a681da0a02b92146e3fe362731d177dc67530a120a21e63eb","/assets/index-POmsT93A.js":"8d4c1642b160e40fed13aa4646080ffe13f5c11a4493ed0d2c7fa302be9d7eb0","/assets/index-g7d-k4Iz.js":"1e5b8fdb1997d9787bf191549adb6e9bdd8067c65a2ebbf02daac2c1ca937baf","/assets/index-DMDuGoHE.css":"76fc498d3dc5a4b906c9a5b1c49767ac56252f611d35cc8369855dce871a567a","/assets/index-Dfw5baJs.css":"a7efa04296a18d8b60a290347c9f25a290fb1129fee86b0ad59c267386b14524","/assets/index-D9DaZB7s.js":"1e5b8fdb1997d9787bf191549adb6e9bdd8067c65a2ebbf02daac2c1ca937baf","/assets/index-D4H50_D3.js":"6e273bbbba57f53503de999e7a40b98336ea8e7d56c9c7284be9843d462743de","/assets/index-CznWtiQi.css":"bb27f00e3b945dd733743e03cc226fd73ec2132f37b8f34b7c6b4f74da5391e8","/assets/index-CYKxY9XL.js":"28b3706101442f8fc37d3bb9e7b610d85c9d94e3e799f758c6f34e8d18889a85","/assets/index-CY2Y92e_.js":"6829be12f3ab77ea98cbe9ab408817e46b6e7875ede63611b5e7843811ff9357","/assets/index-CLk8_n1w.css":"a7fda3dc0d243d71db95b1adb03918c87ea7ee14435fd91c8a178bb80a1ad535","/assets/index-CFCWTcNk.js":"228572f8c3b404d782708160fcdfcb4420f8cd5139f151c0f643da901d7bc8ea","/assets/index-CAi_RwVe.js":"6e273bbbba57f53503de999e7a40b98336ea8e7d56c9c7284be9843d462743de","/assets/index-BYQUXIx0.js":"1e5b8fdb1997d9787bf191549adb6e9bdd8067c65a2ebbf02daac2c1ca937baf","/assets/index-BTnC5Gzn.js":"e8baca72f07189be32b2b47b4945183daa41a642578af7de079a991a3c055622","/assets/index-Br5mpj6P.js":"0e59bde9b0acc3e00e4cc84eea8ea260f3c292acaa84e4f06b3a6a6fb8e2b59f","/assets/index-BFSbuS7k.css":"404ccb9727b8cc7a0b5dc057a6f23398f4a4313ab9f0ffc698473becac472550","/assets/index-BbgFr7dY.css":"36c93cc4b5a5c671b2b0e139a441b9f91b5eab9fa38c1497c3ceda3e176d452b","/assets/index-8yjxZODc.js":"2128004bfe56768baaaca61b0347c08e93b82034c2db89d1e6019d5500516c3a","/assets/index--ubRI_Gy.css":"67d9df9b3812828e7f400f425ce88ac833b056b3753450f8800b131e5742a295","/index.html":"7d34879d4cbf8804897e349109618c322ccb35d40680620d57adb0b4c79cd83e","/assets/index-CkFSsS3o.css":"4e20d3f5c1c7d6472f14cdb09dccf77e071bae6e9b40a89d3e9b41379bfb614b","/assets/index-Dkz2SQaT.js":"6b16ab5e98c30bbf8fa1417a280e12d5cf48ac3fb6348b5a30769cf8d12606f5"}}
[debug] [2026-01-20T20:24:18.729Z] <<< [apiv2][status] POST https://firebasehosting.googleapis.com/v1beta1/projects/72810436029/sites/your-books-list/versions/920315e56ef3ff21:populateFiles 200
[debug] [2026-01-20T20:24:18.729Z] <<< [apiv2][body] POST https://firebasehosting.googleapis.com/v1beta1/projects/72810436029/sites/your-books-list/versions/920315e56ef3ff21:populateFiles {"uploadUrl":"https://upload-firebasehosting.googleapis.com/upload/sites/your-books-list/versions/920315e56ef3ff21/files"}
[debug] [2026-01-20T20:24:18.730Z] [hosting][populate queue][FINAL] {"max":947,"min":947,"avg":947,"active":0,"complete":1,"success":1,"errored":0,"retried":0,"total":1,"elapsed":947}
[debug] [2026-01-20T20:24:18.730Z] [hosting] uploads queued: 0
[debug] [2026-01-20T20:24:18.730Z] [hosting][upload queue][FINAL] {"max":0,"min":9999999999,"avg":0,"active":0,"complete":0,"success":0,"errored":0,"retried":0,"total":0,"elapsed":1768940658730}
[info] +  hosting[your-books-list]: file upload complete 
[debug] [2026-01-20T20:24:18.733Z] [hosting] deploy completed after 1061ms
[debug] [2026-01-20T20:24:18.734Z] [
  {
    "config": {
      "public": "dist",
      "ignore": [
        "firebase.json",
        "**/.*",
        "**/node_modules/**"
      ],
      "rewrites": [
        {
          "source": "**",
          "destination": "/index.html"
        }
      ],
      "site": "your-books-list"
    },
    "version": "projects/72810436029/sites/your-books-list/versions/920315e56ef3ff21"
  }
]
[info] i  hosting[your-books-list]: finalizing version... 
[debug] [2026-01-20T20:24:18.740Z] Checked if tokens are valid: true, expires at: 1768944234511
[debug] [2026-01-20T20:24:18.740Z] Checked if tokens are valid: true, expires at: 1768944234511
[debug] [2026-01-20T20:24:18.741Z] >>> [apiv2][query] PATCH https://firebasehosting.googleapis.com/v1beta1/projects/-/sites/your-books-list/versions/920315e56ef3ff21 updateMask=status%2Cconfig
[debug] [2026-01-20T20:24:18.741Z] >>> [apiv2][body] PATCH https://firebasehosting.googleapis.com/v1beta1/projects/-/sites/your-books-list/versions/920315e56ef3ff21 {"status":"FINALIZED","config":{"rewrites":[{"glob":"**","path":"/index.html"}]}}
[debug] [2026-01-20T20:24:19.033Z] <<< [apiv2][status] PATCH https://firebasehosting.googleapis.com/v1beta1/projects/-/sites/your-books-list/versions/920315e56ef3ff21 200
[debug] [2026-01-20T20:24:19.034Z] <<< [apiv2][body] PATCH https://firebasehosting.googleapis.com/v1beta1/projects/-/sites/your-books-list/versions/920315e56ef3ff21 {"name":"projects/72810436029/sites/your-books-list/versions/920315e56ef3ff21","status":"FINALIZED","config":{"rewrites":[{"glob":"**","path":"/index.html"}]},"labels":{"deployment-tool":"cli-firebase"},"createTime":"2026-01-20T20:23:57.830684Z","createUser":{"email":"bbkrava@gmail.com"},"finalizeTime":"2026-01-20T20:24:19.332313Z","finalizeUser":{"email":"bbkrava@gmail.com"}}
[debug] [2026-01-20T20:24:19.034Z] [hosting] finalized version for your-books-list:[object Object]
[info] +  hosting[your-books-list]: version finalized 
[info] i  hosting[your-books-list]: releasing new version... 
[debug] [2026-01-20T20:24:19.034Z] Checked if tokens are valid: true, expires at: 1768944234511
[debug] [2026-01-20T20:24:19.035Z] Checked if tokens are valid: true, expires at: 1768944234511
[debug] [2026-01-20T20:24:19.035Z] >>> [apiv2][query] POST https://firebasehosting.googleapis.com/v1beta1/projects/-/sites/your-books-list/channels/live/releases versionName=projects%2F72810436029%2Fsites%2Fyour-books-list%2Fversions%2F920315e56ef3ff21
[debug] [2026-01-20T20:24:19.035Z] >>> [apiv2][body] POST https://firebasehosting.googleapis.com/v1beta1/projects/-/sites/your-books-list/channels/live/releases {}
[debug] [2026-01-20T20:24:19.438Z] <<< [apiv2][status] POST https://firebasehosting.googleapis.com/v1beta1/projects/-/sites/your-books-list/channels/live/releases 200
[debug] [2026-01-20T20:24:19.439Z] <<< [apiv2][body] POST https://firebasehosting.googleapis.com/v1beta1/projects/-/sites/your-books-list/channels/live/releases {"name":"projects/72810436029/sites/your-books-list/channels/live/releases/1768940659134000","version":{"name":"projects/72810436029/sites/your-books-list/versions/920315e56ef3ff21","status":"FINALIZED","config":{"rewrites":[{"glob":"**","path":"/index.html"}]},"labels":{"deployment-tool":"cli-firebase"},"createTime":"2026-01-20T20:23:57.830684Z","createUser":{"email":"bbkrava@gmail.com","imageUrl":"https://lh3.googleusercontent.com/a/ACg8ocLYa81Z8Ss_od2JtolCHjFpz_O7qWNzszULtuhOsm8dxkHAVEy2"},"finalizeTime":"2026-01-20T20:24:19.332313Z","finalizeUser":{"email":"bbkrava@gmail.com","imageUrl":"https://lh3.googleusercontent.com/a/ACg8ocLYa81Z8Ss_od2JtolCHjFpz_O7qWNzszULtuhOsm8dxkHAVEy2"}},"type":"DEPLOY","releaseTime":"2026-01-20T20:24:19.134Z","releaseUser":{"email":"bbkrava@gmail.com","imageUrl":"https://lh3.googleusercontent.com/a/ACg8ocLYa81Z8Ss_od2JtolCHjFpz_O7qWNzszULtuhOsm8dxkHAVEy2"}}
[debug] [2026-01-20T20:24:19.439Z] [hosting] release: {"name":"projects/72810436029/sites/your-books-list/channels/live/releases/1768940659134000","version":{"name":"projects/72810436029/sites/your-books-list/versions/920315e56ef3ff21","status":"FINALIZED","config":{"rewrites":[{"glob":"**","path":"/index.html"}]},"labels":{"deployment-tool":"cli-firebase"},"createTime":"2026-01-20T20:23:57.830684Z","createUser":{"email":"bbkrava@gmail.com","imageUrl":"https://lh3.googleusercontent.com/a/ACg8ocLYa81Z8Ss_od2JtolCHjFpz_O7qWNzszULtuhOsm8dxkHAVEy2"},"finalizeTime":"2026-01-20T20:24:19.332313Z","finalizeUser":{"email":"bbkrava@gmail.com","imageUrl":"https://lh3.googleusercontent.com/a/ACg8ocLYa81Z8Ss_od2JtolCHjFpz_O7qWNzszULtuhOsm8dxkHAVEy2"}},"type":"DEPLOY","releaseTime":"2026-01-20T20:24:19.134Z","releaseUser":{"email":"bbkrava@gmail.com","imageUrl":"https://lh3.googleusercontent.com/a/ACg8ocLYa81Z8Ss_od2JtolCHjFpz_O7qWNzszULtuhOsm8dxkHAVEy2"}}
[info] +  hosting[your-books-list]: release complete 
[info] 
[info] +  Deploy complete! 
[info] 
[info] Project Console: https://console.firebase.google.com/project/your-books-list/overview
[info] Hosting URL: https://your-books-list.web.app
[debug] [2026-01-20T20:24:29.498Z] Error: Timed out.
    at Timeout._onTimeout (C:\Users\bbkra\AppData\Roaming\npm\node_modules\firebase-tools\lib\utils.js:308:49)
    at listOnTimeout (node:internal/timers:608:17)
    at process.processTimers (node:internal/timers:543:7)
[error] 
[error] Error: An unexpected error has occurred.
[debug] [2026-01-20T20:33:00.596Z] ----------------------------------------------------------------------
[debug] [2026-01-20T20:33:00.599Z] Command:       C:\Program Files\nodejs\node.exe C:\Users\bbkra\AppData\Roaming\npm\node_modules\firebase-tools\lib\bin\firebase.js deploy
[debug] [2026-01-20T20:33:00.600Z] CLI Version:   15.3.1
[debug] [2026-01-20T20:33:00.600Z] Platform:      win32
[debug] [2026-01-20T20:33:00.600Z] Node Version:  v24.11.0
[debug] [2026-01-20T20:33:00.600Z] Time:          Tue Jan 20 2026 21:33:00 GMT+0100 (за центральноєвропейським стандартним часом)
[debug] [2026-01-20T20:33:00.600Z] ----------------------------------------------------------------------
[debug] 
[debug] [2026-01-20T20:33:02.182Z] > command requires scopes: ["email","openid","https://www.googleapis.com/auth/cloudplatformprojects.readonly","https://www.googleapis.com/auth/firebase","https://www.googleapis.com/auth/cloud-platform"]
[debug] [2026-01-20T20:33:02.182Z] > authorizing via signed-in user (bbkrava@gmail.com)
[debug] [2026-01-20T20:33:02.183Z] [iam] checking project your-books-list for permissions ["firebase.projects.get","firebasehosting.sites.update"]
[debug] [2026-01-20T20:33:02.184Z] Checked if tokens are valid: true, expires at: 1768944234511
[debug] [2026-01-20T20:33:02.184Z] Checked if tokens are valid: true, expires at: 1768944234511
[debug] [2026-01-20T20:33:02.185Z] >>> [apiv2][query] POST https://cloudresourcemanager.googleapis.com/v1/projects/your-books-list:testIamPermissions [none]
[debug] [2026-01-20T20:33:02.185Z] >>> [apiv2][(partial)header] POST https://cloudresourcemanager.googleapis.com/v1/projects/your-books-list:testIamPermissions x-goog-quota-user=projects/your-books-list
[debug] [2026-01-20T20:33:02.185Z] >>> [apiv2][body] POST https://cloudresourcemanager.googleapis.com/v1/projects/your-books-list:testIamPermissions {"permissions":["firebase.projects.get","firebasehosting.sites.update"]}
[debug] [2026-01-20T20:33:03.011Z] <<< [apiv2][status] POST https://cloudresourcemanager.googleapis.com/v1/projects/your-books-list:testIamPermissions 200
[debug] [2026-01-20T20:33:03.012Z] <<< [apiv2][body] POST https://cloudresourcemanager.googleapis.com/v1/projects/your-books-list:testIamPermissions {"permissions":["firebase.projects.get","firebasehosting.sites.update"]}
[debug] [2026-01-20T20:33:03.014Z] Checked if tokens are valid: true, expires at: 1768944234511
[debug] [2026-01-20T20:33:03.014Z] Checked if tokens are valid: true, expires at: 1768944234511
[debug] [2026-01-20T20:33:03.015Z] >>> [apiv2][query] GET https://firebase.googleapis.com/v1beta1/projects/your-books-list [none]
[debug] [2026-01-20T20:33:03.389Z] <<< [apiv2][status] GET https://firebase.googleapis.com/v1beta1/projects/your-books-list 200
[debug] [2026-01-20T20:33:03.390Z] <<< [apiv2][body] GET https://firebase.googleapis.com/v1beta1/projects/your-books-list {"projectId":"your-books-list","projectNumber":"72810436029","displayName":"Your books list","name":"projects/your-books-list","resources":{"hostingSite":"your-books-list"},"state":"ACTIVE","etag":"1_234d8757-40b3-49f3-9e63-639e0b37f468"}
[info] 
[info] === Deploying to 'your-books-list'...
[info] 
[info] i  deploying hosting 
[debug] [2026-01-20T20:33:03.407Z] Checked if tokens are valid: true, expires at: 1768944234511
[debug] [2026-01-20T20:33:03.408Z] Checked if tokens are valid: true, expires at: 1768944234511
[debug] [2026-01-20T20:33:03.408Z] >>> [apiv2][query] POST https://firebasehosting.googleapis.com/v1beta1/projects/-/sites/your-books-list/versions [none]
[debug] [2026-01-20T20:33:03.408Z] >>> [apiv2][body] POST https://firebasehosting.googleapis.com/v1beta1/projects/-/sites/your-books-list/versions {"status":"CREATED","labels":{"deployment-tool":"cli-firebase"}}
[debug] [2026-01-20T20:33:04.509Z] <<< [apiv2][status] POST https://firebasehosting.googleapis.com/v1beta1/projects/-/sites/your-books-list/versions 200
[debug] [2026-01-20T20:33:04.509Z] <<< [apiv2][body] POST https://firebasehosting.googleapis.com/v1beta1/projects/-/sites/your-books-list/versions {"name":"projects/72810436029/sites/your-books-list/versions/46d6a6db045e535e","status":"CREATED","config":{},"labels":{"deployment-tool":"cli-firebase"}}
[info] i  hosting[your-books-list]: beginning deploy... 
[info] i  hosting[your-books-list]: found 26 files in dist 
[debug] [2026-01-20T20:33:24.475Z] [hosting] uploading with 200 concurrency
[debug] [2026-01-20T20:33:24.517Z] Checked if tokens are valid: true, expires at: 1768944234511
[debug] [2026-01-20T20:33:24.517Z] Checked if tokens are valid: true, expires at: 1768944234511
[debug] [2026-01-20T20:33:24.518Z] [hosting] hash cache [ZGlzdA] stored for 26 files
[debug] [2026-01-20T20:33:24.519Z] [hosting][hash queue][FINAL] {"max":36,"min":0,"avg":1.9230769230769231,"active":0,"complete":26,"success":26,"errored":0,"retried":0,"total":26,"elapsed":41}
[debug] [2026-01-20T20:33:24.519Z] >>> [apiv2][query] POST https://firebasehosting.googleapis.com/v1beta1/projects/72810436029/sites/your-books-list/versions/46d6a6db045e535e:populateFiles [none]
[debug] [2026-01-20T20:33:24.519Z] >>> [apiv2][body] POST https://firebasehosting.googleapis.com/v1beta1/projects/72810436029/sites/your-books-list/versions/46d6a6db045e535e:populateFiles {"files":{"/vite.svg":"699a02e0e68a579f687d364bbbe7633161244f35af068220aee37b1b33dfb3c7","/bookImg1.jpg":"1cee14430fc4a0bf0ecf30a440654a1ce61a471b815b7ac5ccbbaeaf8208fcaa","/bookImg.jpg":"cb484ed24c9932ace93085130d93712e8ed34f9c175f1075f1eaf582e709dee7","/book.png":"4e5f0c7a2494803a681da0a02b92146e3fe362731d177dc67530a120a21e63eb","/assets/index-POmsT93A.js":"8d4c1642b160e40fed13aa4646080ffe13f5c11a4493ed0d2c7fa302be9d7eb0","/assets/index-g7d-k4Iz.js":"1e5b8fdb1997d9787bf191549adb6e9bdd8067c65a2ebbf02daac2c1ca937baf","/assets/index-DMDuGoHE.css":"76fc498d3dc5a4b906c9a5b1c49767ac56252f611d35cc8369855dce871a567a","/assets/index-Dfw5baJs.css":"a7efa04296a18d8b60a290347c9f25a290fb1129fee86b0ad59c267386b14524","/assets/index-D9DaZB7s.js":"1e5b8fdb1997d9787bf191549adb6e9bdd8067c65a2ebbf02daac2c1ca937baf","/assets/index-D4H50_D3.js":"6e273bbbba57f53503de999e7a40b98336ea8e7d56c9c7284be9843d462743de","/assets/index-CznWtiQi.css":"bb27f00e3b945dd733743e03cc226fd73ec2132f37b8f34b7c6b4f74da5391e8","/assets/index-CYKxY9XL.js":"28b3706101442f8fc37d3bb9e7b610d85c9d94e3e799f758c6f34e8d18889a85","/assets/index-CY2Y92e_.js":"6829be12f3ab77ea98cbe9ab408817e46b6e7875ede63611b5e7843811ff9357","/assets/index-CLk8_n1w.css":"a7fda3dc0d243d71db95b1adb03918c87ea7ee14435fd91c8a178bb80a1ad535","/assets/index-CFCWTcNk.js":"228572f8c3b404d782708160fcdfcb4420f8cd5139f151c0f643da901d7bc8ea","/assets/index-CAi_RwVe.js":"6e273bbbba57f53503de999e7a40b98336ea8e7d56c9c7284be9843d462743de","/assets/index-BYQUXIx0.js":"1e5b8fdb1997d9787bf191549adb6e9bdd8067c65a2ebbf02daac2c1ca937baf","/assets/index-BTnC5Gzn.js":"e8baca72f07189be32b2b47b4945183daa41a642578af7de079a991a3c055622","/assets/index-Br5mpj6P.js":"0e59bde9b0acc3e00e4cc84eea8ea260f3c292acaa84e4f06b3a6a6fb8e2b59f","/assets/index-BFSbuS7k.css":"404ccb9727b8cc7a0b5dc057a6f23398f4a4313ab9f0ffc698473becac472550","/assets/index-BbgFr7dY.css":"36c93cc4b5a5c671b2b0e139a441b9f91b5eab9fa38c1497c3ceda3e176d452b","/assets/index-8yjxZODc.js":"2128004bfe56768baaaca61b0347c08e93b82034c2db89d1e6019d5500516c3a","/assets/index--ubRI_Gy.css":"67d9df9b3812828e7f400f425ce88ac833b056b3753450f8800b131e5742a295","/index.html":"7d34879d4cbf8804897e349109618c322ccb35d40680620d57adb0b4c79cd83e","/assets/index-CkFSsS3o.css":"4e20d3f5c1c7d6472f14cdb09dccf77e071bae6e9b40a89d3e9b41379bfb614b","/assets/index-Dkz2SQaT.js":"6b16ab5e98c30bbf8fa1417a280e12d5cf48ac3fb6348b5a30769cf8d12606f5"}}
[debug] [2026-01-20T20:33:25.880Z] <<< [apiv2][status] POST https://firebasehosting.googleapis.com/v1beta1/projects/72810436029/sites/your-books-list/versions/46d6a6db045e535e:populateFiles 200
[debug] [2026-01-20T20:33:25.880Z] <<< [apiv2][body] POST https://firebasehosting.googleapis.com/v1beta1/projects/72810436029/sites/your-books-list/versions/46d6a6db045e535e:populateFiles {"uploadUrl":"https://upload-firebasehosting.googleapis.com/upload/sites/your-books-list/versions/46d6a6db045e535e/files"}
[debug] [2026-01-20T20:33:25.881Z] [hosting][populate queue][FINAL] {"max":1364,"min":1364,"avg":1364,"active":0,"complete":1,"success":1,"errored":0,"retried":0,"total":1,"elapsed":1364}
[debug] [2026-01-20T20:33:25.881Z] [hosting] uploads queued: 0
[debug] [2026-01-20T20:33:25.881Z] [hosting][upload queue][FINAL] {"max":0,"min":9999999999,"avg":0,"active":0,"complete":0,"success":0,"errored":0,"retried":0,"total":0,"elapsed":1768941205881}
[info] +  hosting[your-books-list]: file upload complete 
[debug] [2026-01-20T20:33:25.882Z] [hosting] deploy completed after 1422ms
[debug] [2026-01-20T20:33:25.882Z] [
  {
    "config": {
      "public": "dist",
      "ignore": [
        "firebase.json",
        "**/.*",
        "**/node_modules/**"
      ],
      "rewrites": [
        {
          "source": "**",
          "destination": "/index.html"
        }
      ],
      "site": "your-books-list"
    },
    "version": "projects/72810436029/sites/your-books-list/versions/46d6a6db045e535e"
  }
]
[info] i  hosting[your-books-list]: finalizing version... 
[debug] [2026-01-20T20:33:25.884Z] Checked if tokens are valid: true, expires at: 1768944234511
[debug] [2026-01-20T20:33:25.884Z] Checked if tokens are valid: true, expires at: 1768944234511
[debug] [2026-01-20T20:33:25.884Z] >>> [apiv2][query] PATCH https://firebasehosting.googleapis.com/v1beta1/projects/-/sites/your-books-list/versions/46d6a6db045e535e updateMask=status%2Cconfig
[debug] [2026-01-20T20:33:25.884Z] >>> [apiv2][body] PATCH https://firebasehosting.googleapis.com/v1beta1/projects/-/sites/your-books-list/versions/46d6a6db045e535e {"status":"FINALIZED","config":{"rewrites":[{"glob":"**","path":"/index.html"}]}}
[debug] [2026-01-20T20:33:26.108Z] <<< [apiv2][status] PATCH https://firebasehosting.googleapis.com/v1beta1/projects/-/sites/your-books-list/versions/46d6a6db045e535e 200
[debug] [2026-01-20T20:33:26.109Z] <<< [apiv2][body] PATCH https://firebasehosting.googleapis.com/v1beta1/projects/-/sites/your-books-list/versions/46d6a6db045e535e {"name":"projects/72810436029/sites/your-books-list/versions/46d6a6db045e535e","status":"FINALIZED","config":{"rewrites":[{"glob":"**","path":"/index.html"}]},"labels":{"deployment-tool":"cli-firebase"},"createTime":"2026-01-20T20:33:04.576650Z","createUser":{"email":"bbkrava@gmail.com"},"finalizeTime":"2026-01-20T20:33:26.366752Z","finalizeUser":{"email":"bbkrava@gmail.com"}}
[debug] [2026-01-20T20:33:26.109Z] [hosting] finalized version for your-books-list:[object Object]
[info] +  hosting[your-books-list]: version finalized 
[info] i  hosting[your-books-list]: releasing new version... 
[debug] [2026-01-20T20:33:26.113Z] Checked if tokens are valid: true, expires at: 1768944234511
[debug] [2026-01-20T20:33:26.114Z] Checked if tokens are valid: true, expires at: 1768944234511
[debug] [2026-01-20T20:33:26.114Z] >>> [apiv2][query] POST https://firebasehosting.googleapis.com/v1beta1/projects/-/sites/your-books-list/channels/live/releases versionName=projects%2F72810436029%2Fsites%2Fyour-books-list%2Fversions%2F46d6a6db045e535e
[debug] [2026-01-20T20:33:26.115Z] >>> [apiv2][body] POST https://firebasehosting.googleapis.com/v1beta1/projects/-/sites/your-books-list/channels/live/releases {}
[debug] [2026-01-20T20:33:26.524Z] <<< [apiv2][status] POST https://firebasehosting.googleapis.com/v1beta1/projects/-/sites/your-books-list/channels/live/releases 200
[debug] [2026-01-20T20:33:26.525Z] <<< [apiv2][body] POST https://firebasehosting.googleapis.com/v1beta1/projects/-/sites/your-books-list/channels/live/releases {"name":"projects/72810436029/sites/your-books-list/channels/live/releases/1768941206188000","version":{"name":"projects/72810436029/sites/your-books-list/versions/46d6a6db045e535e","status":"FINALIZED","config":{"rewrites":[{"glob":"**","path":"/index.html"}]},"labels":{"deployment-tool":"cli-firebase"},"createTime":"2026-01-20T20:33:04.576650Z","createUser":{"email":"bbkrava@gmail.com","imageUrl":"https://lh3.googleusercontent.com/a/ACg8ocLYa81Z8Ss_od2JtolCHjFpz_O7qWNzszULtuhOsm8dxkHAVEy2"},"finalizeTime":"2026-01-20T20:33:26.366752Z","finalizeUser":{"email":"bbkrava@gmail.com","imageUrl":"https://lh3.googleusercontent.com/a/ACg8ocLYa81Z8Ss_od2JtolCHjFpz_O7qWNzszULtuhOsm8dxkHAVEy2"}},"type":"DEPLOY","releaseTime":"2026-01-20T20:33:26.188Z","releaseUser":{"email":"bbkrava@gmail.com","imageUrl":"https://lh3.googleusercontent.com/a/ACg8ocLYa81Z8Ss_od2JtolCHjFpz_O7qWNzszULtuhOsm8dxkHAVEy2"}}
[debug] [2026-01-20T20:33:26.525Z] [hosting] release: {"name":"projects/72810436029/sites/your-books-list/channels/live/releases/1768941206188000","version":{"name":"projects/72810436029/sites/your-books-list/versions/46d6a6db045e535e","status":"FINALIZED","config":{"rewrites":[{"glob":"**","path":"/index.html"}]},"labels":{"deployment-tool":"cli-firebase"},"createTime":"2026-01-20T20:33:04.576650Z","createUser":{"email":"bbkrava@gmail.com","imageUrl":"https://lh3.googleusercontent.com/a/ACg8ocLYa81Z8Ss_od2JtolCHjFpz_O7qWNzszULtuhOsm8dxkHAVEy2"},"finalizeTime":"2026-01-20T20:33:26.366752Z","finalizeUser":{"email":"bbkrava@gmail.com","imageUrl":"https://lh3.googleusercontent.com/a/ACg8ocLYa81Z8Ss_od2JtolCHjFpz_O7qWNzszULtuhOsm8dxkHAVEy2"}},"type":"DEPLOY","releaseTime":"2026-01-20T20:33:26.188Z","releaseUser":{"email":"bbkrava@gmail.com","imageUrl":"https://lh3.googleusercontent.com/a/ACg8ocLYa81Z8Ss_od2JtolCHjFpz_O7qWNzszULtuhOsm8dxkHAVEy2"}}
[info] +  hosting[your-books-list]: release complete 
[info] 
[info] +  Deploy complete! 
[info] 
[info] Project Console: https://console.firebase.google.com/project/your-books-list/overview
[info] Hosting URL: https://your-books-list.web.app
[debug] [2026-01-20T20:33:36.547Z] Error: Timed out.
    at Timeout._onTimeout (C:\Users\bbkra\AppData\Roaming\npm\node_modules\firebase-tools\lib\utils.js:308:49)
    at listOnTimeout (node:internal/timers:608:17)
    at process.processTimers (node:internal/timers:543:7)
[error] 
[error] Error: An unexpected error has occurred.
